Change Component Designator: Old Designator=C15 New Designator=C1
Change Component Designator: Old Designator=C15 New Designator=C7
Change Component Designator: Old Designator=C16 New Designator=C2
Change Component Designator: Old Designator=C16 New Designator=C8
Change Component Designator: Old Designator=C17 New Designator=C9
Change Component Designator: Old Designator=C18 New Designator=C10
Change Component Designator: Old Designator=C19 New Designator=C11
Change Component Designator: Old Designator=C20 New Designator=C12
Change Component Designator: Old Designator=C21 New Designator=C13
Change Component Designator: Old Designator=C22 New Designator=C3
Change Component Designator: Old Designator=C23 New Designator=C4
Change Component Designator: Old Designator=C24 New Designator=C5
Change Component Designator: Old Designator=C25 New Designator=C6
Change Component Designator: Old Designator=FPC1 New Designator=FPC2
Change Component Designator: Old Designator=L1 New Designator=L2
Change Component Designator: Old Designator=L2 New Designator=L3
Change Component Designator: Old Designator=L3 New Designator=L1
Change Component Designator: Old Designator=R1 New Designator=R5
Change Component Designator: Old Designator=R2 New Designator=R6
Change Component Designator: Old Designator=R4 New Designator=R8
Change Component Designator: Old Designator=R5 New Designator=R9
Change Component Designator: Old Designator=R6 New Designator=R1
Change Component Designator: Old Designator=R? New Designator=R2
Change Component Designator: Old Designator=R? New Designator=R3
Change Component Designator: Old Designator=R? New Designator=R4
Change Component Designator: Old Designator=R? New Designator=R7
Change Component Designator: Old Designator=R? New Designator=R10
Change Component Designator: Old Designator=U1 New Designator=U2
Change Component Designator: Old Designator=U1 New Designator=U4
Change Component Designator: Old Designator=U4 New Designator=U1
Change Component Designator: Old Designator=U5 New Designator=U3
Change Component Designator: Old Designator=V? New Designator=V1
